<?xml version="1.0" encoding="UTF-8"?>
<testsuite xmlns:xsi="http://www.w3.org/2001/XMLSchema-instance" xsi:noNamespaceSchemaLocation="https://maven.apache.org/surefire/maven-surefire-plugin/xsd/surefire-test-report-3.0.xsd" version="3.0" name="sqa.lab.TestShiftCipher" time="0.027" tests="4" errors="0" skipped="0" failures="3">
  <properties>
[...]
</properties>
  <testcase name="testCase01" classname="sqa.lab.TestShiftCipher" time="0.012">
    <failure message="expected: &lt;ZVMADHYL&gt; but was: &lt;VRIWZDUH&gt;" type="org.opentest4j.AssertionFailedError"><![CDATA[org.opentest4j.AssertionFailedError: expected: <ZVMADHYL> but was: <VRIWZDUH>
	at org.junit.jupiter.api.Assertions.assertEquals(Assertions.java:1199)
	at sqa.lab.TestShiftCipher.testCase01(TestShiftCipher.java:12)
]]></failure>
  </testcase>
  <testcase name="testCase02" classname="sqa.lab.TestShiftCipher" time="0.004">
    <failure message="expected: &lt;zvmadhyl&gt; but was: &lt;invalid&gt;" type="org.opentest4j.AssertionFailedError"><![CDATA[org.opentest4j.AssertionFailedError: expected: <zvmadhyl> but was: <invalid>
	at org.junit.jupiter.api.Assertions.assertEquals(Assertions.java:1199)
	at sqa.lab.TestShiftCipher.testCase02(TestShiftCipher.java:17)
]]></failure>
  </testcase>
  <testcase name="testCase03" classname="sqa.lab.TestShiftCipher" time="0.0"/>
  <testcase name="testCase04" classname="sqa.lab.TestShiftCipher" time="0.001">
    <failure message="expected: &lt;gkfs&gt; but was: &lt;invalid&gt;" type="org.opentest4j.AssertionFailedError"><![CDATA[org.opentest4j.AssertionFailedError: expected: <gkfs> but was: <invalid>
	at org.junit.jupiter.api.Assertions.assertEquals(Assertions.java:1199)
	at sqa.lab.TestShiftCipher.testCase04(TestShiftCipher.java:27)
]]></failure>
  </testcase>
</testsuite>