<?xml version="1.0" encoding="UTF-8"?>
<robot generator="Robot 7.4.2 (Python 3.14.2 on darwin)" generated="2026-09-08T14:07:23.432488" rpa="false" schemaversion="5">
<suite id="s1" name="Input Text" source="/Users/bb/Desktop/class/SQA/workspace/LabDemo/Lab11_RobotFramework/input_text.robot">
<test id="s1-t1" name="Validate Unsuccessful Login" line="6">
<kw name="Open the Browser with URL">
<kw name="Create Webdriver" owner="SeleniumLibrary">
<msg time="2026-09-08T14:07:23.531132" level="INFO">Creating an instance of the Firefox WebDriver.</msg>
<msg time="2026-09-08T14:09:56.945961" level="INFO">Cannot capture screenshot because no browser is open.</msg>
<msg time="2026-09-08T14:09:56.946227" level="FAIL">NoSuchDriverException: Message: Unable to obtain driver for firefox; For documentation on this error, please visit: https://www.selenium.dev/documentation/webdriver/troubleshooting/errors/driver_location
</msg>
<arg>Firefox</arg>
<doc>Creates an instance of Selenium WebDriver.</doc>
<status status="FAIL" start="2026-09-08T14:07:23.528851" elapsed="153.421949">NoSuchDriverException: Message: Unable to obtain driver for firefox; For documentation on this error, please visit: https://www.selenium.dev/documentation/webdriver/troubleshooting/errors/driver_location
</status>
</kw>
<kw name="Go To" owner="SeleniumLibrary">
<arg>https://opensource-demo.orangehrmlive.com/web/index.php/auth/login</arg>
<doc>Navigates the current browser window to the provided ``url``.</doc>
<status status="NOT RUN" start="2026-09-08T14:09:56.951037" elapsed="0.000026"/>
</kw>
<kw name="Maximize Browser Window" owner="SeleniumLibrary">
<doc>Maximizes current browser window.</doc>
<status status="NOT RUN" start="2026-09-08T14:09:56.951395" elapsed="0.000047"/>
</kw>
<kw name="Set Selenium Implicit Wait" owner="SeleniumLibrary">
<arg>5</arg>
<doc>Sets the implicit wait value used by Selenium.</doc>
<status status="NOT RUN" start="2026-09-08T14:09:56.951569" elapsed="0.000030"/>
</kw>
<status status="FAIL" start="2026-09-08T14:07:23.528504" elapsed="153.423335">NoSuchDriverException: Message: Unable to obtain driver for firefox; For documentation on this error, please visit: https://www.selenium.dev/documentation/webdriver/troubleshooting/errors/driver_location
</status>
</kw>
<kw name="Fill the login form">
<status status="NOT RUN" start="2026-09-08T14:09:56.952307" elapsed="0.000047"/>
</kw>
<kw name="Verify error message is correct">
<status status="NOT RUN" start="2026-09-08T14:09:56.952545" elapsed="0.000027"/>
</kw>
<status status="FAIL" start="2026-09-08T14:07:23.528204" elapsed="153.424679">NoSuchDriverException: Message: Unable to obtain driver for firefox; For documentation on this error, please visit: https://www.selenium.dev/documentation/webdriver/troubleshooting/errors/driver_location
</status>
</test>
<doc>To validate the Login Form</doc>
<status status="FAIL" start="2026-09-08T14:07:23.433030" elapsed="153.520465"/>
</suite>
<statistics>
<total>
<stat pass="0" fail="1" skip="0">All Tests</stat>
</total>
<tag>
</tag>
<suite>
<stat name="Input Text" id="s1" pass="0" fail="1" skip="0">Input Text</stat>
</suite>
</statistics>
<errors>
</errors>
</robot>
