<?xml version="1.0" encoding="UTF-8"?>
<robot generator="Robot 7.4.2 (Python 3.14.2 on darwin)" generated="2026-09-08T19:58:19.441769" rpa="false" schemaversion="5">
<suite id="s1" name="UAT-02" source="/Users/bb/Desktop/class/SQA/workspace/Lab/Lab11/UAT02/UAT-02.robot">
<test id="s1-t1" name="Go To Browser" line="9">
<kw name="Open Browser" owner="SeleniumLibrary">
<msg time="2026-09-08T19:58:19.542244" level="INFO">Opening browser 'chrome' to base url 'http://sampleapp.tricentis.com'.</msg>
<arg>${URL}</arg>
<arg>${BROWSER}</arg>
<doc>Opens a new browser instance to the optional ``url``.</doc>
<status status="PASS" start="2026-09-08T19:58:19.542103" elapsed="6.677005"/>
</kw>
<kw name="Maximize Browser Window" owner="SeleniumLibrary">
<doc>Maximizes current browser window.</doc>
<status status="PASS" start="2026-09-08T19:58:26.220479" elapsed="0.358261"/>
</kw>
<kw name="Wait Until Element Is Visible" owner="SeleniumLibrary">
<arg>id=nav_automobile</arg>
<arg>timeout=10s</arg>
<doc>Waits until the element ``locator`` is visible.</doc>
<status status="PASS" start="2026-09-08T19:58:26.579031" elapsed="0.008748"/>
</kw>
<kw name="Click Link" owner="SeleniumLibrary">
<msg time="2026-09-08T19:58:26.588146" level="INFO">Clicking link 'id=nav_automobile'.</msg>
<arg>id=nav_automobile</arg>
<doc>Clicks a link identified by ``locator``.</doc>
<status status="PASS" start="2026-09-08T19:58:26.587976" elapsed="2.037048"/>
</kw>
<kw name="Input Nav_automobile">
<kw name="Wait Until Element Is Visible" owner="SeleniumLibrary">
<arg>id=nextenterinsurantdata</arg>
<arg>timeout=10s</arg>
<doc>Waits until the element ``locator`` is visible.</doc>
<status status="PASS" start="2026-09-08T19:58:28.626458" elapsed="0.006877"/>
</kw>
<kw name="Click Button" owner="SeleniumLibrary">
<msg time="2026-09-08T19:58:28.633686" level="INFO">Clicking button 'nextenterinsurantdata'.</msg>
<arg>nextenterinsurantdata</arg>
<doc>Clicks the button identified by ``locator``.</doc>
<status status="PASS" start="2026-09-08T19:58:28.633447" elapsed="0.031139"/>
</kw>
<status status="PASS" start="2026-09-08T19:58:28.625935" elapsed="0.038811"/>
</kw>
<kw name="Input Enterinsurantdata">
<kw name="Wait Until Element Is Visible" owner="SeleniumLibrary">
<arg>id=nextenterproductdata</arg>
<arg>timeout=10s</arg>
<doc>Waits until the element ``locator`` is visible.</doc>
<status status="PASS" start="2026-09-08T19:58:28.665099" elapsed="0.005678"/>
</kw>
<kw name="Click Button" owner="SeleniumLibrary">
<msg time="2026-09-08T19:58:28.670996" level="INFO">Clicking button 'nextenterproductdata'.</msg>
<arg>nextenterproductdata</arg>
<doc>Clicks the button identified by ``locator``.</doc>
<status status="PASS" start="2026-09-08T19:58:28.670876" elapsed="0.024519"/>
</kw>
<status status="PASS" start="2026-09-08T19:58:28.664927" elapsed="0.030542"/>
</kw>
<kw name="Input Enterproductdata">
<kw name="Wait Until Element Is Visible" owner="SeleniumLibrary">
<arg>id=nextselectpriceoption</arg>
<arg>timeout=10s</arg>
<doc>Waits until the element ``locator`` is visible.</doc>
<status status="PASS" start="2026-09-08T19:58:28.695733" elapsed="0.006386"/>
</kw>
<kw name="Click Button" owner="SeleniumLibrary">
<msg time="2026-09-08T19:58:28.702378" level="INFO">Clicking button 'nextselectpriceoption'.</msg>
<arg>nextselectpriceoption</arg>
<doc>Clicks the button identified by ``locator``.</doc>
<status status="PASS" start="2026-09-08T19:58:28.702220" elapsed="0.025119"/>
</kw>
<status status="PASS" start="2026-09-08T19:58:28.695607" elapsed="0.031800"/>
</kw>
<kw name="Input Selectpriceoption">
<kw name="Wait Until Element Is Visible" owner="SeleniumLibrary">
<msg time="2026-09-08T19:58:38.958971" level="INFO" html="true">&lt;/td&gt;&lt;/tr&gt;&lt;tr&gt;&lt;td colspan="3"&gt;&lt;a href="selenium-screenshot-1.png"&gt;&lt;img src="selenium-screenshot-1.png" width="800px"&gt;&lt;/a&gt;</msg>
<msg time="2026-09-08T19:58:38.959103" level="FAIL">Element 'id=nextsendquote' not visible after 10 seconds.</msg>
<arg>id=nextsendquote</arg>
<arg>timeout=10s</arg>
<doc>Waits until the element ``locator`` is visible.</doc>
<status status="FAIL" start="2026-09-08T19:58:28.727675" elapsed="10.232906">Element 'id=nextsendquote' not visible after 10 seconds.</status>
</kw>
<kw name="Click Button" owner="SeleniumLibrary">
<arg>nextsendquote</arg>
<doc>Clicks the button identified by ``locator``.</doc>
<status status="NOT RUN" start="2026-09-08T19:58:38.960678" elapsed="0.000019"/>
</kw>
<status status="FAIL" start="2026-09-08T19:58:28.727543" elapsed="10.233219">Element 'id=nextsendquote' not visible after 10 seconds.</status>
</kw>
<kw name="Input Send Quote">
<status status="NOT RUN" start="2026-09-08T19:58:38.960863" elapsed="0.000013"/>
</kw>
<kw name="Close Browser" owner="SeleniumLibrary" type="TEARDOWN">
<doc>Closes the current browser.</doc>
<status status="PASS" start="2026-09-08T19:58:38.961004" elapsed="0.091788"/>
</kw>
<status status="FAIL" start="2026-09-08T19:58:19.541640" elapsed="19.511443">Element 'id=nextsendquote' not visible after 10 seconds.</status>
</test>
<status status="FAIL" start="2026-09-08T19:58:19.442553" elapsed="19.611161"/>
</suite>
<statistics>
<total>
<stat pass="0" fail="1" skip="0">All Tests</stat>
</total>
<tag>
</tag>
<suite>
<stat name="UAT-02" id="s1" pass="0" fail="1" skip="0">UAT-02</stat>
</suite>
</statistics>
<errors>
</errors>
</robot>
