-------------------------------------------------------------------------------
Test set: com.example.junit6_labdemo.TestMultiplication
-------------------------------------------------------------------------------
Tests run: 2, Failures: 1, Errors: 0, Skipped: 0, Time elapsed: 0.020 s <<< FAILURE! -- in com.example.junit6_labdemo.TestMultiplication
com.example.junit6_labdemo.TestMultiplication.testsquare -- Time elapsed: 0.010 s <<< FAILURE!
org.opentest4j.AssertionFailedError: expected: <251> but was: <25>
	at org.junit.jupiter.api.Assertions.assertEquals(Assertions.java:569)
	at com.example.junit6_labdemo.TestMultiplication.testsquare(TestMultiplication.java:27)

