<?xml version="1.0" encoding="UTF-8"?>
<testsuite xmlns:xsi="http://www.w3.org/2001/XMLSchema-instance" xsi:noNamespaceSchemaLocation="https://maven.apache.org/surefire/maven-surefire-plugin/xsd/surefire-test-report-3.0.xsd" version="3.0" name="com.example.junit6_labdemo.ExampleCsvSourceTest" time="0.159" tests="6" errors="1" skipped="0" failures="1">
  <properties>
[...]
</properties>
  <testcase name="testWithCsvSource(String, int)[1]" classname="com.example.junit6_labdemo.ExampleCsvSourceTest" time="0.034"/>
  <testcase name="testWithCsvSource(String, int)[2]" classname="com.example.junit6_labdemo.ExampleCsvSourceTest" time="0.002"/>
  <testcase name="testWithCsvSource(String, int)[3]" classname="com.example.junit6_labdemo.ExampleCsvSourceTest" time="0.001"/>
  <testcase name="testWithCsvSource(String, int)[4]" classname="com.example.junit6_labdemo.ExampleCsvSourceTest" time="0.001"/>
  <testcase name="testWithCsvSource(String, int)[5]" classname="com.example.junit6_labdemo.ExampleCsvSourceTest" time="0.008">
    <error message="Error converting parameter at index 1: Cannot convert null to primitive value of type int" type="org.junit.jupiter.api.extension.ParameterResolutionException"><![CDATA[org.junit.jupiter.api.extension.ParameterResolutionException: Error converting parameter at index 1: Cannot convert null to primitive value of type int
	at java.base/java.util.Optional.ifPresent(Optional.java:178)
	at java.base/java.util.stream.ForEachOps$ForEachOp$OfRef.accept(ForEachOps.java:186)
	at java.base/java.util.stream.ReferencePipeline$3$1.accept(ReferencePipeline.java:214)
	at java.base/java.util.stream.ForEachOps$ForEachOp$OfRef.accept(ForEachOps.java:186)
	at java.base/java.util.ArrayList$ArrayListSpliterator.forEachRemaining(ArrayList.java:1716)
	at java.base/java.util.stream.ReferencePipeline$Head.forEach(ReferencePipeline.java:803)
	at java.base/java.util.stream.ReferencePipeline$7$1FlatMap.accept(ReferencePipeline.java:293)
	at java.base/java.util.ArrayList$ArrayListSpliterator.forEachRemaining(ArrayList.java:1716)
	at java.base/java.util.stream.AbstractPipeline.copyInto(AbstractPipeline.java:570)
	at java.base/java.util.stream.AbstractPipeline.wrapAndCopyInto(AbstractPipeline.java:560)
	at java.base/java.util.stream.ForEachOps$ForEachOp.evaluateSequential(ForEachOps.java:153)
	at java.base/java.util.stream.ForEachOps$ForEachOp$OfRef.evaluateSequential(ForEachOps.java:176)
	at java.base/java.util.stream.AbstractPipeline.evaluate(AbstractPipeline.java:265)
	at java.base/java.util.stream.ReferencePipeline.forEach(ReferencePipeline.java:632)
	at java.base/java.util.stream.ReferencePipeline$7$1FlatMap.accept(ReferencePipeline.java:293)
	at java.base/java.util.stream.ReferencePipeline$3$1.accept(ReferencePipeline.java:214)
	at java.base/java.util.stream.ReferencePipeline$3$1.accept(ReferencePipeline.java:214)
	at java.base/java.util.stream.ReferencePipeline$3$1.accept(ReferencePipeline.java:214)
	at java.base/java.util.Collections$2.tryAdvance(Collections.java:5182)
	at java.base/java.util.Collections$2.forEachRemaining(Collections.java:5190)
	at java.base/java.util.stream.AbstractPipeline.copyInto(AbstractPipeline.java:570)
	at java.base/java.util.stream.AbstractPipeline.wrapAndCopyInto(AbstractPipeline.java:560)
	at java.base/java.util.stream.ForEachOps$ForEachOp.evaluateSequential(ForEachOps.java:153)
	at java.base/java.util.stream.ForEachOps$ForEachOp$OfRef.evaluateSequential(ForEachOps.java:176)
	at java.base/java.util.stream.AbstractPipeline.evaluate(AbstractPipeline.java:265)
	at java.base/java.util.stream.ReferencePipeline.forEach(ReferencePipeline.java:632)
	at java.base/java.util.ArrayList.forEach(ArrayList.java:1604)
	at java.base/java.util.ArrayList.forEach(ArrayList.java:1604)
Caused by: org.junit.jupiter.params.converter.ArgumentConversionException: Cannot convert null to primitive value of type int
	... 28 more
]]></error>
  </testcase>
  <testcase name="testWithCsvSource(String, int)[6]" classname="com.example.junit6_labdemo.ExampleCsvSourceTest" time="0.006">
    <failure message="expected: not equal but was: &lt;0&gt;" type="org.opentest4j.AssertionFailedError"><![CDATA[org.opentest4j.AssertionFailedError: expected: not equal but was: <0>
	at org.junit.jupiter.api.Assertions.assertNotEquals(Assertions.java:2064)
	at com.example.junit6_labdemo.ExampleCsvSourceTest.testWithCsvSource(ExampleCsvSourceTest.java:24)
]]></failure>
  </testcase>
</testsuite>