<?xml version="1.0" encoding="UTF-8"?>
<testsuite xmlns:xsi="http://www.w3.org/2001/XMLSchema-instance" xsi:noNamespaceSchemaLocation="https://maven.apache.org/surefire/maven-surefire-plugin/xsd/surefire-test-report-3.0.xsd" version="3.0" name="com.example.junit6_labdemo.ExampleNullEmptyStringTest" time="0.054" tests="19" errors="0" skipped="0" failures="9">
  <properties>
[...]
</properties>
  <testcase name="test_isNull_ShouldReturnTrueForNullInputs(String)[1]" classname="com.example.junit6_labdemo.ExampleNullEmptyStringTest" time="0.009"/>
  <testcase name="test_nullEmptyAndBlankStrings_WithNullAndEmptySource(String)[1]" classname="com.example.junit6_labdemo.ExampleNullEmptyStringTest" time="0.001"/>
  <testcase name="test_nullEmptyAndBlankStrings_WithNullAndEmptySource(String)[2]" classname="com.example.junit6_labdemo.ExampleNullEmptyStringTest" time="0.001"/>
  <testcase name="test_nullEmptyAndBlankStrings_WithNullAndEmptySource(String)[3]" classname="com.example.junit6_labdemo.ExampleNullEmptyStringTest" time="0.003">
    <failure message="expected: &lt;true&gt; but was: &lt;false&gt;" type="org.opentest4j.AssertionFailedError"><![CDATA[org.opentest4j.AssertionFailedError: expected: <true> but was: <false>
	at org.junit.jupiter.api.Assertions.assertTrue(Assertions.java:190)
	at com.example.junit6_labdemo.ExampleNullEmptyStringTest.test_nullEmptyAndBlankStrings_WithNullAndEmptySource(ExampleNullEmptyStringTest.java:54)
]]></failure>
  </testcase>
  <testcase name="test_nullEmptyAndBlankStrings_WithNullAndEmptySource(String)[4]" classname="com.example.junit6_labdemo.ExampleNullEmptyStringTest" time="0.001">
    <failure message="expected: &lt;true&gt; but was: &lt;false&gt;" type="org.opentest4j.AssertionFailedError"><![CDATA[org.opentest4j.AssertionFailedError: expected: <true> but was: <false>
	at org.junit.jupiter.api.Assertions.assertTrue(Assertions.java:190)
	at com.example.junit6_labdemo.ExampleNullEmptyStringTest.test_nullEmptyAndBlankStrings_WithNullAndEmptySource(ExampleNullEmptyStringTest.java:54)
]]></failure>
  </testcase>
  <testcase name="test_nullEmptyAndBlankStrings_WithNullAndEmptySource(String)[5]" classname="com.example.junit6_labdemo.ExampleNullEmptyStringTest" time="0.001">
    <failure message="expected: &lt;true&gt; but was: &lt;false&gt;" type="org.opentest4j.AssertionFailedError"><![CDATA[org.opentest4j.AssertionFailedError: expected: <true> but was: <false>
	at org.junit.jupiter.api.Assertions.assertTrue(Assertions.java:190)
	at com.example.junit6_labdemo.ExampleNullEmptyStringTest.test_nullEmptyAndBlankStrings_WithNullAndEmptySource(ExampleNullEmptyStringTest.java:54)
]]></failure>
  </testcase>
  <testcase name="test_nullEmptyAndBlankStrings_WithNullAndEmptySource(String)[6]" classname="com.example.junit6_labdemo.ExampleNullEmptyStringTest" time="0.001">
    <failure message="expected: &lt;true&gt; but was: &lt;false&gt;" type="org.opentest4j.AssertionFailedError"><![CDATA[org.opentest4j.AssertionFailedError: expected: <true> but was: <false>
	at org.junit.jupiter.api.Assertions.assertTrue(Assertions.java:190)
	at com.example.junit6_labdemo.ExampleNullEmptyStringTest.test_nullEmptyAndBlankStrings_WithNullAndEmptySource(ExampleNullEmptyStringTest.java:54)
]]></failure>
  </testcase>
  <testcase name="test_ispalindromeWithValueSource(String)[1]" classname="com.example.junit6_labdemo.ExampleNullEmptyStringTest" time="0.0"/>
  <testcase name="test_ispalindromeWithValueSource(String)[2]" classname="com.example.junit6_labdemo.ExampleNullEmptyStringTest" time="0.0"/>
  <testcase name="test_ispalindromeWithValueSource(String)[3]" classname="com.example.junit6_labdemo.ExampleNullEmptyStringTest" time="0.001"/>
  <testcase name="test_ispalindromeWithValueSource(String)[4]" classname="com.example.junit6_labdemo.ExampleNullEmptyStringTest" time="0.0"/>
  <testcase name="test_ispalindromeWithValueSource(String)[5]" classname="com.example.junit6_labdemo.ExampleNullEmptyStringTest" time="0.0">
    <failure message="expected: &lt;true&gt; but was: &lt;false&gt;" type="org.opentest4j.AssertionFailedError"><![CDATA[org.opentest4j.AssertionFailedError: expected: <true> but was: <false>
	at org.junit.jupiter.api.Assertions.assertTrue(Assertions.java:190)
	at com.example.junit6_labdemo.ExampleNullEmptyStringTest.test_ispalindromeWithValueSource(ExampleNullEmptyStringTest.java:22)
]]></failure>
  </testcase>
  <testcase name="test_isEmpty_ShouldReturnTrueForEmptyInputs(String)[1]" classname="com.example.junit6_labdemo.ExampleNullEmptyStringTest" time="0.001"/>
  <testcase name="test_nullEmptyAndBlankStrings(String)[1]" classname="com.example.junit6_labdemo.ExampleNullEmptyStringTest" time="0.0"/>
  <testcase name="test_nullEmptyAndBlankStrings(String)[2]" classname="com.example.junit6_labdemo.ExampleNullEmptyStringTest" time="0.0"/>
  <testcase name="test_nullEmptyAndBlankStrings(String)[3]" classname="com.example.junit6_labdemo.ExampleNullEmptyStringTest" time="0.0">
    <failure message="expected: &lt;true&gt; but was: &lt;false&gt;" type="org.opentest4j.AssertionFailedError"><![CDATA[org.opentest4j.AssertionFailedError: expected: <true> but was: <false>
	at org.junit.jupiter.api.Assertions.assertTrue(Assertions.java:190)
	at com.example.junit6_labdemo.ExampleNullEmptyStringTest.test_nullEmptyAndBlankStrings(ExampleNullEmptyStringTest.java:46)
]]></failure>
  </testcase>
  <testcase name="test_nullEmptyAndBlankStrings(String)[4]" classname="com.example.junit6_labdemo.ExampleNullEmptyStringTest" time="0.0">
    <failure message="expected: &lt;true&gt; but was: &lt;false&gt;" type="org.opentest4j.AssertionFailedError"><![CDATA[org.opentest4j.AssertionFailedError: expected: <true> but was: <false>
	at org.junit.jupiter.api.Assertions.assertTrue(Assertions.java:190)
	at com.example.junit6_labdemo.ExampleNullEmptyStringTest.test_nullEmptyAndBlankStrings(ExampleNullEmptyStringTest.java:46)
]]></failure>
  </testcase>
  <testcase name="test_nullEmptyAndBlankStrings(String)[5]" classname="com.example.junit6_labdemo.ExampleNullEmptyStringTest" time="0.0">
    <failure message="expected: &lt;true&gt; but was: &lt;false&gt;" type="org.opentest4j.AssertionFailedError"><![CDATA[org.opentest4j.AssertionFailedError: expected: <true> but was: <false>
	at org.junit.jupiter.api.Assertions.assertTrue(Assertions.java:190)
	at com.example.junit6_labdemo.ExampleNullEmptyStringTest.test_nullEmptyAndBlankStrings(ExampleNullEmptyStringTest.java:46)
]]></failure>
  </testcase>
  <testcase name="test_nullEmptyAndBlankStrings(String)[6]" classname="com.example.junit6_labdemo.ExampleNullEmptyStringTest" time="0.0">
    <failure message="expected: &lt;true&gt; but was: &lt;false&gt;" type="org.opentest4j.AssertionFailedError"><![CDATA[org.opentest4j.AssertionFailedError: expected: <true> but was: <false>
	at org.junit.jupiter.api.Assertions.assertTrue(Assertions.java:190)
	at com.example.junit6_labdemo.ExampleNullEmptyStringTest.test_nullEmptyAndBlankStrings(ExampleNullEmptyStringTest.java:46)
]]></failure>
  </testcase>
</testsuite>