<?xml version="1.0" encoding="UTF-8"?>
<testsuite xmlns:xsi="http://www.w3.org/2001/XMLSchema-instance" xsi:noNamespaceSchemaLocation="https://maven.apache.org/surefire/maven-surefire-plugin/xsd/surefire-test-report-3.0.xsd" version="3.0" name="com.example.junit6_labdemo.OrderAnnotation_CalculatorTest$AdvancedOperationsTests" time="0.003" tests="4" errors="0" skipped="0" failures="0">
  <properties>
[...]
</properties>
  <testcase name="shouldAddTwoNumbers" classname="com.example.junit6_labdemo.OrderAnnotation_CalculatorTest" time="0.008">
    <system-out><![CDATA[1️⃣ Addition test
]]></system-out>
  </testcase>
  <testcase name="shouldSubtractTwoNumbers" classname="com.example.junit6_labdemo.OrderAnnotation_CalculatorTest" time="0.003">
    <system-out><![CDATA[2️⃣ Subtraction test
]]></system-out>
  </testcase>
  <testcase name="shouldMultiplyTwoNumbers" classname="com.example.junit6_labdemo.OrderAnnotation_CalculatorTest$AdvancedOperationsTests" time="0.0">
    <system-out><![CDATA[3️⃣ Multiplication test (nested)
]]></system-out>
  </testcase>
  <testcase name="shouldDivideTwoNumbers" classname="com.example.junit6_labdemo.OrderAnnotation_CalculatorTest$AdvancedOperationsTests" time="0.001">
    <system-out><![CDATA[4️⃣ Division test (nested)
]]></system-out>
  </testcase>
</testsuite>